<?xml version="1.0" encoding="UTF-8"?>
<testsuite name="translator.TransExprTests" tests="1" skipped="0" failures="0" errors="0" timestamp="2020-03-16T14:21:50" hostname="DESKTOP-3FBV0PF" time="0.044">
  <properties/>
  <testcase name="transExpr()" classname="translator.TransExprTests" time="0.044"/>
  <system-out><![CDATA[]]></system-out>
  <system-err><![CDATA[]]></system-err>
</testsuite>
