<?xml version="1.0" encoding="UTF-8"?>
<testsuite name="translator.TransExprTests" tests="2" skipped="0" failures="0" errors="0" timestamp="2020-03-21T02:52:10" hostname="DESKTOP-3FBV0PF" time="0.012">
  <properties/>
  <testcase name="optimizeExpr()" classname="translator.TransExprTests" time="0.009"/>
  <testcase name="transExpr()" classname="translator.TransExprTests" time="0.002"/>
  <system-out><![CDATA[]]></system-out>
  <system-err><![CDATA[]]></system-err>
</testsuite>
